0 info it worked if it ends with ok
1 verbose cli [ 'C:\\Program Files\\nodejs\\\\node.exe',
1 verbose cli   'C:\\Program Files\\nodejs\\node_modules\\npm\\bin\\npm-cli.js',
1 verbose cli   'install' ]
2 info using npm@1.4.28
3 info using node@v0.10.33
4 verbose node symlink C:\Program Files\nodejs\\node.exe
5 verbose config Skipping project config: C:\Users\Matteus 86/.npmrc. (matches userconfig)
6 error install Couldn't read dependencies
7 error package.json ENOENT, open 'C:\Users\Matteus 86\package.json'
7 error package.json This is most likely not a problem with npm itself.
7 error package.json npm can't find a package.json file in your current directory.
8 error System Windows_NT 6.1.7601
9 error command "C:\\Program Files\\nodejs\\\\node.exe" "C:\\Program Files\\nodejs\\node_modules\\npm\\bin\\npm-cli.js" "install"
10 error cwd C:\Users\Matteus 86\Desktop\SMSapp
11 error node -v v0.10.33
12 error npm -v 1.4.28
13 error path C:\Users\Matteus 86\package.json
14 error code ENOPACKAGEJSON
15 error errno 34
16 verbose exit [ 34, true ]
